This file contains any messages produced by compilers while
running configure, to aid debugging if configure makes a mistake.

It was created by readline configure 4.3, which was
generated by GNU Autoconf 2.59.  Invocation command line was

  $ /Users/rafael/mc404/gdb-6.4/readline/configure --cache-file=./config.cache --build=i686-apple-darwin11.2.0 --host=i686-apple-darwin11.2.0 --target=armv5e-elf --prefix=/Users/rafael/mc404/install --program-transform-name=s,^,armv5e-elf-,;  --srcdir=../../../gdb-6.4/readline

## --------- ##
## Platform. ##
## --------- ##

hostname = routerroaches
uname -m = x86_64
uname -r = 11.2.0
uname -s = Darwin
uname -v = Darwin Kernel Version 11.2.0: Tue Aug  9 20:54:00 PDT 2011; root:xnu-1699.24.8~1/RELEASE_X86_64

/usr/bin/uname -p = i386
/bin/uname -X     = unknown

/bin/arch              = unknown
/usr/bin/arch -k       = unknown
/usr/convex/getsysinfo = unknown
hostinfo               = Mach kernel version:
	 Darwin Kernel Version 11.2.0: Tue Aug  9 20:54:00 PDT 2011; root:xnu-1699.24.8~1/RELEASE_X86_64
Kernel configured for up to 4 processors.
2 processors are physically available.
4 processors are logically available.
Processor type: i486 (Intel 80486)
Processors active: 0 1 2 3
Primary memory available: 8.00 gigabytes
Default processor set: 93 tasks, 438 threads, 4 processors
Load average: 2.04, Mach factor: 2.28
/bin/machine           = unknown
/usr/bin/oslevel       = unknown
/bin/universe          = unknown

PATH: /opt/local/bin
PATH: /opt/local/sbin
PATH: /usr/bin
PATH: /bin
PATH: /usr/sbin
PATH: /sbin
PATH: /usr/local/bin
PATH: /usr/X11/bin
PATH: /usr/texbin
PATH: /Users/rafael/mc404/install/bin


## ----------- ##
## Core tests. ##
## ----------- ##

configure:1230: creating cache ./config.cache
configure:1358: checking build system type
configure:1376: result: i686-apple-darwin11.2.0
configure:1384: checking host system type
configure:1398: result: i686-apple-darwin11.2.0
configure:1436: checking whether make sets $(MAKE)
configure:1456: result: yes
configure:1473: checking for i686-apple-darwin11.2.0-gcc
configure:1499: result: gcc
configure:1781: checking for C compiler version
configure:1784: gcc --version </dev/null >&5
i686-apple-darwin11-llvm-gcc-4.2 (GCC) 4.2.1 (Based on Apple Inc. build 5658) (LLVM build 2336.1.00)
Copyright (C) 2007 Free Software Foundation, Inc.
This is free software; see the source for copying conditions.  There is NO
warranty; not even for MERCHANTABILITY or FITNESS FOR A PARTICULAR PURPOSE.

configure:1787: $? = 0
configure:1789: gcc -v </dev/null >&5
Using built-in specs.
Target: i686-apple-darwin11
Configured with: /private/var/tmp/llvmgcc42/llvmgcc42-2336.1~22/src/configure --disable-checking --enable-werror --prefix=/Developer/usr/llvm-gcc-4.2 --mandir=/share/man --enable-languages=c,objc,c++,obj-c++ --program-prefix=llvm- --program-transform-name=/^[cg][^.-]*$/s/$/-4.2/ --with-slibdir=/usr/lib --build=i686-apple-darwin11 --enable-llvm=/private/var/tmp/llvmgcc42/llvmgcc42-2336.1~22/dst-llvmCore/Developer/usr/local --program-prefix=i686-apple-darwin11- --host=x86_64-apple-darwin11 --target=i686-apple-darwin11 --with-gxx-include-dir=/usr/include/c++/4.2.1
Thread model: posix
gcc version 4.2.1 (Based on Apple Inc. build 5658) (LLVM build 2336.1.00)
configure:1792: $? = 0
configure:1794: gcc -V </dev/null >&5
llvm-gcc-4.2: argument to `-V' is missing
configure:1797: $? = 1
configure:1820: checking for C compiler default output file name
configure:1823: gcc -g -O2    conftest.c  >&5
configure:1826: $? = 0
configure:1872: result: a.out
configure:1877: checking whether the C compiler works
configure:1883: ./a.out
configure:1886: $? = 0
configure:1903: result: yes
configure:1910: checking whether we are cross compiling
configure:1912: result: no
configure:1915: checking for suffix of executables
configure:1917: gcc -o conftest -g -O2    conftest.c  >&5
configure:1920: $? = 0
configure:1945: result: 
configure:1951: checking for suffix of object files
configure:1972: gcc -c -g -O2   conftest.c >&5
configure:1975: $? = 0
configure:1997: result: o
configure:2001: checking whether we are using the GNU C compiler
configure:2025: gcc -c -g -O2   conftest.c >&5
configure:2031: $? = 0
configure:2035: test -z 
			 || test ! -s conftest.err
configure:2038: $? = 0
configure:2041: test -s conftest.o
configure:2044: $? = 0
configure:2057: result: yes
configure:2063: checking whether gcc accepts -g
configure:2084: gcc -c -g  conftest.c >&5
configure:2090: $? = 0
configure:2094: test -z 
			 || test ! -s conftest.err
configure:2097: $? = 0
configure:2100: test -s conftest.o
configure:2103: $? = 0
configure:2114: result: yes
configure:2131: checking for gcc option to accept ANSI C
configure:2201: gcc  -c -g -O2   conftest.c >&5
configure:2207: $? = 0
configure:2211: test -z 
			 || test ! -s conftest.err
configure:2214: $? = 0
configure:2217: test -s conftest.o
configure:2220: $? = 0
configure:2238: result: none needed
configure:2256: gcc -c -g -O2   conftest.c >&5
conftest.c:2: error: expected '=', ',', ';', 'asm' or '__attribute__' before 'me'
configure:2262: $? = 1
configure: failed program was:
| #ifndef __cplusplus
|   choke me
| #endif
configure:2401: checking how to run the C preprocessor
configure:2436: gcc -E  conftest.c
configure:2442: $? = 0
configure:2474: gcc -E  conftest.c
conftest.c:9:28: error: ac_nonexistent.h: No such file or directory
configure:2480: $? = 1
configure: failed program was:
| /* confdefs.h.  */
| 
| #define PACKAGE_NAME "readline"
| #define PACKAGE_TARNAME "readline"
| #define PACKAGE_VERSION "4.3"
| #define PACKAGE_STRING "readline 4.3"
| #define PACKAGE_BUGREPORT "bug-readline@gnu.org"
| /* end confdefs.h.  */
| #include <ac_nonexistent.h>
configure:2519: result: gcc -E
configure:2543: gcc -E  conftest.c
configure:2549: $? = 0
configure:2581: gcc -E  conftest.c
conftest.c:9:28: error: ac_nonexistent.h: No such file or directory
configure:2587: $? = 1
configure: failed program was:
| /* confdefs.h.  */
| 
| #define PACKAGE_NAME "readline"
| #define PACKAGE_TARNAME "readline"
| #define PACKAGE_VERSION "4.3"
| #define PACKAGE_STRING "readline 4.3"
| #define PACKAGE_BUGREPORT "bug-readline@gnu.org"
| /* end confdefs.h.  */
| #include <ac_nonexistent.h>
configure:2631: checking for egrep
configure:2641: result: grep -E
configure:2646: checking for ANSI C header files
configure:2671: gcc -c -g -O2   conftest.c >&5
configure:2677: $? = 0
configure:2681: test -z 
			 || test ! -s conftest.err
configure:2684: $? = 0
configure:2687: test -s conftest.o
configure:2690: $? = 0
configure:2779: gcc -o conftest -g -O2    conftest.c  >&5
conftest.c: In function 'main':
conftest.c:26: warning: incompatible implicit declaration of built-in function 'exit'
configure:2782: $? = 0
configure:2784: ./conftest
configure:2787: $? = 0
configure:2802: result: yes
configure:2826: checking for sys/types.h
configure:2842: gcc -c -g -O2   conftest.c >&5
configure:2848: $? = 0
configure:2852: test -z 
			 || test ! -s conftest.err
configure:2855: $? = 0
configure:2858: test -s conftest.o
configure:2861: $? = 0
configure:2872: result: yes
configure:2826: checking for sys/stat.h
configure:2842: gcc -c -g -O2   conftest.c >&5
configure:2848: $? = 0
configure:2852: test -z 
			 || test ! -s conftest.err
configure:2855: $? = 0
configure:2858: test -s conftest.o
configure:2861: $? = 0
configure:2872: result: yes
configure:2826: checking for stdlib.h
configure:2842: gcc -c -g -O2   conftest.c >&5
configure:2848: $? = 0
configure:2852: test -z 
			 || test ! -s conftest.err
configure:2855: $? = 0
configure:2858: test -s conftest.o
configure:2861: $? = 0
configure:2872: result: yes
configure:2826: checking for string.h
configure:2842: gcc -c -g -O2   conftest.c >&5
configure:2848: $? = 0
configure:2852: test -z 
			 || test ! -s conftest.err
configure:2855: $? = 0
configure:2858: test -s conftest.o
configure:2861: $? = 0
configure:2872: result: yes
configure:2826: checking for memory.h
configure:2842: gcc -c -g -O2   conftest.c >&5
configure:2848: $? = 0
configure:2852: test -z 
			 || test ! -s conftest.err
configure:2855: $? = 0
configure:2858: test -s conftest.o
configure:2861: $? = 0
configure:2872: result: yes
configure:2826: checking for strings.h
configure:2842: gcc -c -g -O2   conftest.c >&5
configure:2848: $? = 0
configure:2852: test -z 
			 || test ! -s conftest.err
configure:2855: $? = 0
configure:2858: test -s conftest.o
configure:2861: $? = 0
configure:2872: result: yes
configure:2826: checking for inttypes.h
configure:2842: gcc -c -g -O2   conftest.c >&5
configure:2848: $? = 0
configure:2852: test -z 
			 || test ! -s conftest.err
configure:2855: $? = 0
configure:2858: test -s conftest.o
configure:2861: $? = 0
configure:2872: result: yes
configure:2826: checking for stdint.h
configure:2842: gcc -c -g -O2   conftest.c >&5
configure:2848: $? = 0
configure:2852: test -z 
			 || test ! -s conftest.err
configure:2855: $? = 0
configure:2858: test -s conftest.o
configure:2861: $? = 0
configure:2872: result: yes
configure:2826: checking for unistd.h
configure:2842: gcc -c -g -O2   conftest.c >&5
configure:2848: $? = 0
configure:2852: test -z 
			 || test ! -s conftest.err
configure:2855: $? = 0
configure:2858: test -s conftest.o
configure:2861: $? = 0
configure:2872: result: yes
configure:2894: checking minix/config.h usability
configure:2906: gcc -c -g -O2   conftest.c >&5
conftest.c:53:26: error: minix/config.h: No such file or directory
configure:2912: $? = 1
configure: failed program was:
| /* confdefs.h.  */
| 
| #define PACKAGE_NAME "readline"
| #define PACKAGE_TARNAME "readline"
| #define PACKAGE_VERSION "4.3"
| #define PACKAGE_STRING "readline 4.3"
| #define PACKAGE_BUGREPORT "bug-readline@gnu.org"
| #define STDC_HEADERS 1
| #define HAVE_SYS_TYPES_H 1
| #define HAVE_SYS_STAT_H 1
| #define HAVE_STDLIB_H 1
| #define HAVE_STRING_H 1
| #define HAVE_MEMORY_H 1
| #define HAVE_STRINGS_H 1
| #define HAVE_INTTYPES_H 1
| #define HAVE_STDINT_H 1
| #define HAVE_UNISTD_H 1
| /* end confdefs.h.  */
| #include <stdio.h>
| #if HAVE_SYS_TYPES_H
| # include <sys/types.h>
| #endif
| #if HAVE_SYS_STAT_H
| # include <sys/stat.h>
| #endif
| #if STDC_HEADERS
| # include <stdlib.h>
| # include <stddef.h>
| #else
| # if HAVE_STDLIB_H
| #  include <stdlib.h>
| # endif
| #endif
| #if HAVE_STRING_H
| # if !STDC_HEADERS && HAVE_MEMORY_H
| #  include <memory.h>
| # endif
| # include <string.h>
| #endif
| #if HAVE_STRINGS_H
| # include <strings.h>
| #endif
| #if HAVE_INTTYPES_H
| # include <inttypes.h>
| #else
| # if HAVE_STDINT_H
| #  include <stdint.h>
| # endif
| #endif
| #if HAVE_UNISTD_H
| # include <unistd.h>
| #endif
| #include <minix/config.h>
configure:2935: result: no
configure:2939: checking minix/config.h presence
configure:2949: gcc -E  conftest.c
conftest.c:19:26: error: minix/config.h: No such file or directory
configure:2955: $? = 1
configure: failed program was:
| /* confdefs.h.  */
| 
| #define PACKAGE_NAME "readline"
| #define PACKAGE_TARNAME "readline"
| #define PACKAGE_VERSION "4.3"
| #define PACKAGE_STRING "readline 4.3"
| #define PACKAGE_BUGREPORT "bug-readline@gnu.org"
| #define STDC_HEADERS 1
| #define HAVE_SYS_TYPES_H 1
| #define HAVE_SYS_STAT_H 1
| #define HAVE_STDLIB_H 1
| #define HAVE_STRING_H 1
| #define HAVE_MEMORY_H 1
| #define HAVE_STRINGS_H 1
| #define HAVE_INTTYPES_H 1
| #define HAVE_STDINT_H 1
| #define HAVE_UNISTD_H 1
| /* end confdefs.h.  */
| #include <minix/config.h>
configure:2975: result: no
configure:3010: checking for minix/config.h
configure:3017: result: no
configure:3091: checking whether gcc needs -traditional
conftest.c:19:20: error: termio.h: No such file or directory
configure:3133: result: no
configure:3153: checking for a BSD-compatible install
configure:3208: result: /opt/local/bin/ginstall -c
configure:3221: checking for ar
configure:3248: result: ar
configure:3259: checking for i686-apple-darwin11.2.0-ranlib
configure:3285: result: ranlib
configure:3340: checking for an ANSI C-conforming const
configure:3407: gcc -c -g -O2   conftest.c >&5
configure:3413: $? = 0
configure:3417: test -z 
			 || test ! -s conftest.err
configure:3420: $? = 0
configure:3423: test -s conftest.o
configure:3426: $? = 0
configure:3437: result: yes
configure:3447: checking for function prototypes
configure:3450: result: yes
configure:3468: checking whether char is unsigned
configure:3491: gcc -c -g -O2   conftest.c >&5
configure:3497: $? = 0
configure:3501: test -z 
			 || test ! -s conftest.err
configure:3504: $? = 0
configure:3507: test -s conftest.o
configure:3510: $? = 0
configure:3521: result: no
configure:3531: checking return type of signal handlers
configure:3562: gcc -c -g -O2   conftest.c >&5
configure:3568: $? = 0
configure:3572: test -z 
			 || test ! -s conftest.err
configure:3575: $? = 0
configure:3578: test -s conftest.o
configure:3581: $? = 0
configure:3592: result: void
configure:3601: checking for size_t
configure:3625: gcc -c -g -O2   conftest.c >&5
configure:3631: $? = 0
configure:3635: test -z 
			 || test ! -s conftest.err
configure:3638: $? = 0
configure:3641: test -s conftest.o
configure:3644: $? = 0
configure:3655: result: yes
configure:3667: checking for ssize_t
configure:3691: gcc -c -g -O2   conftest.c >&5
configure:3697: $? = 0
configure:3701: test -z 
			 || test ! -s conftest.err
configure:3704: $? = 0
configure:3707: test -s conftest.o
configure:3710: $? = 0
configure:3721: result: yes
configure:3734: checking whether stat file-mode macros are broken
configure:3782: result: no
configure:3800: checking for dirent.h that defines DIR
configure:3824: gcc -c -g -O2   conftest.c >&5
configure:3830: $? = 0
configure:3834: test -z 
			 || test ! -s conftest.err
configure:3837: $? = 0
configure:3840: test -s conftest.o
configure:3843: $? = 0
configure:3854: result: yes
configure:3867: checking for library containing opendir
configure:3897: gcc -o conftest -g -O2    conftest.c  >&5
configure:3903: $? = 0
configure:3907: test -z 
			 || test ! -s conftest.err
configure:3910: $? = 0
configure:3913: test -s conftest
configure:3916: $? = 0
configure:3986: result: none required
configure:4145: checking for fcntl
configure:4202: gcc -o conftest -g -O2    conftest.c  >&5
configure:4208: $? = 0
configure:4212: test -z 
			 || test ! -s conftest.err
configure:4215: $? = 0
configure:4218: test -s conftest
configure:4221: $? = 0
configure:4233: result: yes
configure:4145: checking for kill
configure:4202: gcc -o conftest -g -O2    conftest.c  >&5
configure:4208: $? = 0
configure:4212: test -z 
			 || test ! -s conftest.err
configure:4215: $? = 0
configure:4218: test -s conftest
configure:4221: $? = 0
configure:4233: result: yes
configure:4145: checking for lstat
configure:4202: gcc -o conftest -g -O2    conftest.c  >&5
configure:4208: $? = 0
configure:4212: test -z 
			 || test ! -s conftest.err
configure:4215: $? = 0
configure:4218: test -s conftest
configure:4221: $? = 0
configure:4233: result: yes
configure:4145: checking for memmove
configure:4202: gcc -o conftest -g -O2    conftest.c  >&5
conftest.c:50: warning: conflicting types for built-in function 'memmove'
configure:4208: $? = 0
configure:4212: test -z 
			 || test ! -s conftest.err
configure:4215: $? = 0
configure:4218: test -s conftest
configure:4221: $? = 0
configure:4233: result: yes
configure:4145: checking for putenv
configure:4202: gcc -o conftest -g -O2    conftest.c  >&5
configure:4208: $? = 0
configure:4212: test -z 
			 || test ! -s conftest.err
configure:4215: $? = 0
configure:4218: test -s conftest
configure:4221: $? = 0
configure:4233: result: yes
configure:4145: checking for select
configure:4202: gcc -o conftest -g -O2    conftest.c  >&5
configure:4208: $? = 0
configure:4212: test -z 
			 || test ! -s conftest.err
configure:4215: $? = 0
configure:4218: test -s conftest
configure:4221: $? = 0
configure:4233: result: yes
configure:4145: checking for setenv
configure:4202: gcc -o conftest -g -O2    conftest.c  >&5
configure:4208: $? = 0
configure:4212: test -z 
			 || test ! -s conftest.err
configure:4215: $? = 0
configure:4218: test -s conftest
configure:4221: $? = 0
configure:4233: result: yes
configure:4145: checking for setlocale
configure:4202: gcc -o conftest -g -O2    conftest.c  >&5
configure:4208: $? = 0
configure:4212: test -z 
			 || test ! -s conftest.err
configure:4215: $? = 0
configure:4218: test -s conftest
configure:4221: $? = 0
configure:4233: result: yes
configure:4145: checking for strcasecmp
configure:4202: gcc -o conftest -g -O2    conftest.c  >&5
conftest.c:55: warning: conflicting types for built-in function 'strcasecmp'
configure:4208: $? = 0
configure:4212: test -z 
			 || test ! -s conftest.err
configure:4215: $? = 0
configure:4218: test -s conftest
configure:4221: $? = 0
configure:4233: result: yes
configure:4145: checking for strpbrk
configure:4202: gcc -o conftest -g -O2    conftest.c  >&5
conftest.c:56: warning: conflicting types for built-in function 'strpbrk'
configure:4208: $? = 0
configure:4212: test -z 
			 || test ! -s conftest.err
configure:4215: $? = 0
configure:4218: test -s conftest
configure:4221: $? = 0
configure:4233: result: yes
configure:4145: checking for tcgetattr
configure:4202: gcc -o conftest -g -O2    conftest.c  >&5
configure:4208: $? = 0
configure:4212: test -z 
			 || test ! -s conftest.err
configure:4215: $? = 0
configure:4218: test -s conftest
configure:4221: $? = 0
configure:4233: result: yes
configure:4145: checking for vsnprintf
configure:4202: gcc -o conftest -g -O2    conftest.c  >&5
conftest.c:58: warning: conflicting types for built-in function 'vsnprintf'
configure:4208: $? = 0
configure:4212: test -z 
			 || test ! -s conftest.err
configure:4215: $? = 0
configure:4218: test -s conftest
configure:4221: $? = 0
configure:4233: result: yes
configure:4145: checking for isascii
configure:4202: gcc -o conftest -g -O2    conftest.c  >&5
conftest.c:59: warning: conflicting types for built-in function 'isascii'
configure:4208: $? = 0
configure:4212: test -z 
			 || test ! -s conftest.err
configure:4215: $? = 0
configure:4218: test -s conftest
configure:4221: $? = 0
configure:4233: result: yes
configure:4145: checking for isxdigit
configure:4202: gcc -o conftest -g -O2    conftest.c  >&5
conftest.c:60: warning: conflicting types for built-in function 'isxdigit'
configure:4208: $? = 0
configure:4212: test -z 
			 || test ! -s conftest.err
configure:4215: $? = 0
configure:4218: test -s conftest
configure:4221: $? = 0
configure:4233: result: yes
configure:4145: checking for getpwnam
configure:4202: gcc -o conftest -g -O2    conftest.c  >&5
configure:4208: $? = 0
configure:4212: test -z 
			 || test ! -s conftest.err
configure:4215: $? = 0
configure:4218: test -s conftest
configure:4221: $? = 0
configure:4233: result: yes
configure:4145: checking for getpwent
configure:4202: gcc -o conftest -g -O2    conftest.c  >&5
configure:4208: $? = 0
configure:4212: test -z 
			 || test ! -s conftest.err
configure:4215: $? = 0
configure:4218: test -s conftest
configure:4221: $? = 0
configure:4233: result: yes
configure:4145: checking for getpwuid
configure:4202: gcc -o conftest -g -O2    conftest.c  >&5
configure:4208: $? = 0
configure:4212: test -z 
			 || test ! -s conftest.err
configure:4215: $? = 0
configure:4218: test -s conftest
configure:4221: $? = 0
configure:4233: result: yes
configure:4244: checking for working strcoll
configure:4270: gcc -o conftest -g -O2    conftest.c  >&5
configure:4273: $? = 0
configure:4275: ./conftest
configure:4278: $? = 0
configure:4292: result: yes
configure:4328: checking for unistd.h
configure:4333: result: yes
configure:4328: checking for stdlib.h
configure:4333: result: yes
configure:4337: checking varargs.h usability
configure:4349: gcc -c -g -O2   conftest.c >&5
In file included from conftest.c:77:
/usr/llvm-gcc-4.2/bin/../lib/gcc/i686-apple-darwin11/4.2.1/include/varargs.h:4:2: error: #error "GCC no longer implements <varargs.h>."
/usr/llvm-gcc-4.2/bin/../lib/gcc/i686-apple-darwin11/4.2.1/include/varargs.h:5:2: error: #error "Revise your code to use <stdarg.h>."
configure:4355: $? = 1
configure: failed program was:
| /* confdefs.h.  */
| 
| #define PACKAGE_NAME "readline"
| #define PACKAGE_TARNAME "readline"
| #define PACKAGE_VERSION "4.3"
| #define PACKAGE_STRING "readline 4.3"
| #define PACKAGE_BUGREPORT "bug-readline@gnu.org"
| #define STDC_HEADERS 1
| #define HAVE_SYS_TYPES_H 1
| #define HAVE_SYS_STAT_H 1
| #define HAVE_STDLIB_H 1
| #define HAVE_STRING_H 1
| #define HAVE_MEMORY_H 1
| #define HAVE_STRINGS_H 1
| #define HAVE_INTTYPES_H 1
| #define HAVE_STDINT_H 1
| #define HAVE_UNISTD_H 1
| #define PROTOTYPES 1
| #define __PROTOTYPES 1
| #define RETSIGTYPE void
| #define HAVE_DIRENT_H 1
| #define HAVE_FCNTL 1
| #define HAVE_KILL 1
| #define HAVE_LSTAT 1
| #define HAVE_MEMMOVE 1
| #define HAVE_PUTENV 1
| #define HAVE_SELECT 1
| #define HAVE_SETENV 1
| #define HAVE_SETLOCALE 1
| #define HAVE_STRCASECMP 1
| #define HAVE_STRPBRK 1
| #define HAVE_TCGETATTR 1
| #define HAVE_VSNPRINTF 1
| #define HAVE_ISASCII 1
| #define HAVE_ISXDIGIT 1
| #define HAVE_GETPWNAM 1
| #define HAVE_GETPWENT 1
| #define HAVE_GETPWUID 1
| #define HAVE_STRCOLL 1
| #define HAVE_UNISTD_H 1
| #define HAVE_STDLIB_H 1
| /* end confdefs.h.  */
| #include <stdio.h>
| #if HAVE_SYS_TYPES_H
| # include <sys/types.h>
| #endif
| #if HAVE_SYS_STAT_H
| # include <sys/stat.h>
| #endif
| #if STDC_HEADERS
| # include <stdlib.h>
| # include <stddef.h>
| #else
| # if HAVE_STDLIB_H
| #  include <stdlib.h>
| # endif
| #endif
| #if HAVE_STRING_H
| # if !STDC_HEADERS && HAVE_MEMORY_H
| #  include <memory.h>
| # endif
| # include <string.h>
| #endif
| #if HAVE_STRINGS_H
| # include <strings.h>
| #endif
| #if HAVE_INTTYPES_H
| # include <inttypes.h>
| #else
| # if HAVE_STDINT_H
| #  include <stdint.h>
| # endif
| #endif
| #if HAVE_UNISTD_H
| # include <unistd.h>
| #endif
| #include <varargs.h>
configure:4378: result: no
configure:4382: checking varargs.h presence
configure:4392: gcc -E  conftest.c
In file included from conftest.c:43:
/usr/llvm-gcc-4.2/bin/../lib/gcc/i686-apple-darwin11/4.2.1/include/varargs.h:4:2: error: #error "GCC no longer implements <varargs.h>."
/usr/llvm-gcc-4.2/bin/../lib/gcc/i686-apple-darwin11/4.2.1/include/varargs.h:5:2: error: #error "Revise your code to use <stdarg.h>."
configure:4398: $? = 1
configure: failed program was:
| /* confdefs.h.  */
| 
| #define PACKAGE_NAME "readline"
| #define PACKAGE_TARNAME "readline"
| #define PACKAGE_VERSION "4.3"
| #define PACKAGE_STRING "readline 4.3"
| #define PACKAGE_BUGREPORT "bug-readline@gnu.org"
| #define STDC_HEADERS 1
| #define HAVE_SYS_TYPES_H 1
| #define HAVE_SYS_STAT_H 1
| #define HAVE_STDLIB_H 1
| #define HAVE_STRING_H 1
| #define HAVE_MEMORY_H 1
| #define HAVE_STRINGS_H 1
| #define HAVE_INTTYPES_H 1
| #define HAVE_STDINT_H 1
| #define HAVE_UNISTD_H 1
| #define PROTOTYPES 1
| #define __PROTOTYPES 1
| #define RETSIGTYPE void
| #define HAVE_DIRENT_H 1
| #define HAVE_FCNTL 1
| #define HAVE_KILL 1
| #define HAVE_LSTAT 1
| #define HAVE_MEMMOVE 1
| #define HAVE_PUTENV 1
| #define HAVE_SELECT 1
| #define HAVE_SETENV 1
| #define HAVE_SETLOCALE 1
| #define HAVE_STRCASECMP 1
| #define HAVE_STRPBRK 1
| #define HAVE_TCGETATTR 1
| #define HAVE_VSNPRINTF 1
| #define HAVE_ISASCII 1
| #define HAVE_ISXDIGIT 1
| #define HAVE_GETPWNAM 1
| #define HAVE_GETPWENT 1
| #define HAVE_GETPWUID 1
| #define HAVE_STRCOLL 1
| #define HAVE_UNISTD_H 1
| #define HAVE_STDLIB_H 1
| /* end confdefs.h.  */
| #include <varargs.h>
configure:4418: result: no
configure:4453: checking for varargs.h
configure:4460: result: no
configure:4337: checking stdarg.h usability
configure:4349: gcc -c -g -O2   conftest.c >&5
configure:4355: $? = 0
configure:4359: test -z 
			 || test ! -s conftest.err
configure:4362: $? = 0
configure:4365: test -s conftest.o
configure:4368: $? = 0
configure:4378: result: yes
configure:4382: checking stdarg.h presence
configure:4392: gcc -E  conftest.c
configure:4398: $? = 0
configure:4418: result: yes
configure:4453: checking for stdarg.h
configure:4460: result: yes
configure:4328: checking for string.h
configure:4333: result: yes
configure:4328: checking for strings.h
configure:4333: result: yes
configure:4337: checking limits.h usability
configure:4349: gcc -c -g -O2   conftest.c >&5
configure:4355: $? = 0
configure:4359: test -z 
			 || test ! -s conftest.err
configure:4362: $? = 0
configure:4365: test -s conftest.o
configure:4368: $? = 0
configure:4378: result: yes
configure:4382: checking limits.h presence
configure:4392: gcc -E  conftest.c
configure:4398: $? = 0
configure:4418: result: yes
configure:4453: checking for limits.h
configure:4460: result: yes
configure:4337: checking sys/ptem.h usability
configure:4349: gcc -c -g -O2   conftest.c >&5
conftest.c:81:22: error: sys/ptem.h: No such file or directory
configure:4355: $? = 1
configure: failed program was:
| /* confdefs.h.  */
| 
| #define PACKAGE_NAME "readline"
| #define PACKAGE_TARNAME "readline"
| #define PACKAGE_VERSION "4.3"
| #define PACKAGE_STRING "readline 4.3"
| #define PACKAGE_BUGREPORT "bug-readline@gnu.org"
| #define STDC_HEADERS 1
| #define HAVE_SYS_TYPES_H 1
| #define HAVE_SYS_STAT_H 1
| #define HAVE_STDLIB_H 1
| #define HAVE_STRING_H 1
| #define HAVE_MEMORY_H 1
| #define HAVE_STRINGS_H 1
| #define HAVE_INTTYPES_H 1
| #define HAVE_STDINT_H 1
| #define HAVE_UNISTD_H 1
| #define PROTOTYPES 1
| #define __PROTOTYPES 1
| #define RETSIGTYPE void
| #define HAVE_DIRENT_H 1
| #define HAVE_FCNTL 1
| #define HAVE_KILL 1
| #define HAVE_LSTAT 1
| #define HAVE_MEMMOVE 1
| #define HAVE_PUTENV 1
| #define HAVE_SELECT 1
| #define HAVE_SETENV 1
| #define HAVE_SETLOCALE 1
| #define HAVE_STRCASECMP 1
| #define HAVE_STRPBRK 1
| #define HAVE_TCGETATTR 1
| #define HAVE_VSNPRINTF 1
| #define HAVE_ISASCII 1
| #define HAVE_ISXDIGIT 1
| #define HAVE_GETPWNAM 1
| #define HAVE_GETPWENT 1
| #define HAVE_GETPWUID 1
| #define HAVE_STRCOLL 1
| #define HAVE_UNISTD_H 1
| #define HAVE_STDLIB_H 1
| #define HAVE_STDARG_H 1
| #define HAVE_STRING_H 1
| #define HAVE_STRINGS_H 1
| #define HAVE_LIMITS_H 1
| /* end confdefs.h.  */
| #include <stdio.h>
| #if HAVE_SYS_TYPES_H
| # include <sys/types.h>
| #endif
| #if HAVE_SYS_STAT_H
| # include <sys/stat.h>
| #endif
| #if STDC_HEADERS
| # include <stdlib.h>
| # include <stddef.h>
| #else
| # if HAVE_STDLIB_H
| #  include <stdlib.h>
| # endif
| #endif
| #if HAVE_STRING_H
| # if !STDC_HEADERS && HAVE_MEMORY_H
| #  include <memory.h>
| # endif
| # include <string.h>
| #endif
| #if HAVE_STRINGS_H
| # include <strings.h>
| #endif
| #if HAVE_INTTYPES_H
| # include <inttypes.h>
| #else
| # if HAVE_STDINT_H
| #  include <stdint.h>
| # endif
| #endif
| #if HAVE_UNISTD_H
| # include <unistd.h>
| #endif
| #include <sys/ptem.h>
configure:4378: result: no
configure:4382: checking sys/ptem.h presence
configure:4392: gcc -E  conftest.c
conftest.c:47:22: error: sys/ptem.h: No such file or directory
configure:4398: $? = 1
configure: failed program was:
| /* confdefs.h.  */
| 
| #define PACKAGE_NAME "readline"
| #define PACKAGE_TARNAME "readline"
| #define PACKAGE_VERSION "4.3"
| #define PACKAGE_STRING "readline 4.3"
| #define PACKAGE_BUGREPORT "bug-readline@gnu.org"
| #define STDC_HEADERS 1
| #define HAVE_SYS_TYPES_H 1
| #define HAVE_SYS_STAT_H 1
| #define HAVE_STDLIB_H 1
| #define HAVE_STRING_H 1
| #define HAVE_MEMORY_H 1
| #define HAVE_STRINGS_H 1
| #define HAVE_INTTYPES_H 1
| #define HAVE_STDINT_H 1
| #define HAVE_UNISTD_H 1
| #define PROTOTYPES 1
| #define __PROTOTYPES 1
| #define RETSIGTYPE void
| #define HAVE_DIRENT_H 1
| #define HAVE_FCNTL 1
| #define HAVE_KILL 1
| #define HAVE_LSTAT 1
| #define HAVE_MEMMOVE 1
| #define HAVE_PUTENV 1
| #define HAVE_SELECT 1
| #define HAVE_SETENV 1
| #define HAVE_SETLOCALE 1
| #define HAVE_STRCASECMP 1
| #define HAVE_STRPBRK 1
| #define HAVE_TCGETATTR 1
| #define HAVE_VSNPRINTF 1
| #define HAVE_ISASCII 1
| #define HAVE_ISXDIGIT 1
| #define HAVE_GETPWNAM 1
| #define HAVE_GETPWENT 1
| #define HAVE_GETPWUID 1
| #define HAVE_STRCOLL 1
| #define HAVE_UNISTD_H 1
| #define HAVE_STDLIB_H 1
| #define HAVE_STDARG_H 1
| #define HAVE_STRING_H 1
| #define HAVE_STRINGS_H 1
| #define HAVE_LIMITS_H 1
| /* end confdefs.h.  */
| #include <sys/ptem.h>
configure:4418: result: no
configure:4453: checking for sys/ptem.h
configure:4460: result: no
configure:4337: checking sys/pte.h usability
configure:4349: gcc -c -g -O2   conftest.c >&5
conftest.c:81:21: error: sys/pte.h: No such file or directory
configure:4355: $? = 1
configure: failed program was:
| /* confdefs.h.  */
| 
| #define PACKAGE_NAME "readline"
| #define PACKAGE_TARNAME "readline"
| #define PACKAGE_VERSION "4.3"
| #define PACKAGE_STRING "readline 4.3"
| #define PACKAGE_BUGREPORT "bug-readline@gnu.org"
| #define STDC_HEADERS 1
| #define HAVE_SYS_TYPES_H 1
| #define HAVE_SYS_STAT_H 1
| #define HAVE_STDLIB_H 1
| #define HAVE_STRING_H 1
| #define HAVE_MEMORY_H 1
| #define HAVE_STRINGS_H 1
| #define HAVE_INTTYPES_H 1
| #define HAVE_STDINT_H 1
| #define HAVE_UNISTD_H 1
| #define PROTOTYPES 1
| #define __PROTOTYPES 1
| #define RETSIGTYPE void
| #define HAVE_DIRENT_H 1
| #define HAVE_FCNTL 1
| #define HAVE_KILL 1
| #define HAVE_LSTAT 1
| #define HAVE_MEMMOVE 1
| #define HAVE_PUTENV 1
| #define HAVE_SELECT 1
| #define HAVE_SETENV 1
| #define HAVE_SETLOCALE 1
| #define HAVE_STRCASECMP 1
| #define HAVE_STRPBRK 1
| #define HAVE_TCGETATTR 1
| #define HAVE_VSNPRINTF 1
| #define HAVE_ISASCII 1
| #define HAVE_ISXDIGIT 1
| #define HAVE_GETPWNAM 1
| #define HAVE_GETPWENT 1
| #define HAVE_GETPWUID 1
| #define HAVE_STRCOLL 1
| #define HAVE_UNISTD_H 1
| #define HAVE_STDLIB_H 1
| #define HAVE_STDARG_H 1
| #define HAVE_STRING_H 1
| #define HAVE_STRINGS_H 1
| #define HAVE_LIMITS_H 1
| /* end confdefs.h.  */
| #include <stdio.h>
| #if HAVE_SYS_TYPES_H
| # include <sys/types.h>
| #endif
| #if HAVE_SYS_STAT_H
| # include <sys/stat.h>
| #endif
| #if STDC_HEADERS
| # include <stdlib.h>
| # include <stddef.h>
| #else
| # if HAVE_STDLIB_H
| #  include <stdlib.h>
| # endif
| #endif
| #if HAVE_STRING_H
| # if !STDC_HEADERS && HAVE_MEMORY_H
| #  include <memory.h>
| # endif
| # include <string.h>
| #endif
| #if HAVE_STRINGS_H
| # include <strings.h>
| #endif
| #if HAVE_INTTYPES_H
| # include <inttypes.h>
| #else
| # if HAVE_STDINT_H
| #  include <stdint.h>
| # endif
| #endif
| #if HAVE_UNISTD_H
| # include <unistd.h>
| #endif
| #include <sys/pte.h>
configure:4378: result: no
configure:4382: checking sys/pte.h presence
configure:4392: gcc -E  conftest.c
conftest.c:47:21: error: sys/pte.h: No such file or directory
configure:4398: $? = 1
configure: failed program was:
| /* confdefs.h.  */
| 
| #define PACKAGE_NAME "readline"
| #define PACKAGE_TARNAME "readline"
| #define PACKAGE_VERSION "4.3"
| #define PACKAGE_STRING "readline 4.3"
| #define PACKAGE_BUGREPORT "bug-readline@gnu.org"
| #define STDC_HEADERS 1
| #define HAVE_SYS_TYPES_H 1
| #define HAVE_SYS_STAT_H 1
| #define HAVE_STDLIB_H 1
| #define HAVE_STRING_H 1
| #define HAVE_MEMORY_H 1
| #define HAVE_STRINGS_H 1
| #define HAVE_INTTYPES_H 1
| #define HAVE_STDINT_H 1
| #define HAVE_UNISTD_H 1
| #define PROTOTYPES 1
| #define __PROTOTYPES 1
| #define RETSIGTYPE void
| #define HAVE_DIRENT_H 1
| #define HAVE_FCNTL 1
| #define HAVE_KILL 1
| #define HAVE_LSTAT 1
| #define HAVE_MEMMOVE 1
| #define HAVE_PUTENV 1
| #define HAVE_SELECT 1
| #define HAVE_SETENV 1
| #define HAVE_SETLOCALE 1
| #define HAVE_STRCASECMP 1
| #define HAVE_STRPBRK 1
| #define HAVE_TCGETATTR 1
| #define HAVE_VSNPRINTF 1
| #define HAVE_ISASCII 1
| #define HAVE_ISXDIGIT 1
| #define HAVE_GETPWNAM 1
| #define HAVE_GETPWENT 1
| #define HAVE_GETPWUID 1
| #define HAVE_STRCOLL 1
| #define HAVE_UNISTD_H 1
| #define HAVE_STDLIB_H 1
| #define HAVE_STDARG_H 1
| #define HAVE_STRING_H 1
| #define HAVE_STRINGS_H 1
| #define HAVE_LIMITS_H 1
| /* end confdefs.h.  */
| #include <sys/pte.h>
configure:4418: result: no
configure:4453: checking for sys/pte.h
configure:4460: result: no
configure:4337: checking sys/stream.h usability
configure:4349: gcc -c -g -O2   conftest.c >&5
conftest.c:81:24: error: sys/stream.h: No such file or directory
configure:4355: $? = 1
configure: failed program was:
| /* confdefs.h.  */
| 
| #define PACKAGE_NAME "readline"
| #define PACKAGE_TARNAME "readline"
| #define PACKAGE_VERSION "4.3"
| #define PACKAGE_STRING "readline 4.3"
| #define PACKAGE_BUGREPORT "bug-readline@gnu.org"
| #define STDC_HEADERS 1
| #define HAVE_SYS_TYPES_H 1
| #define HAVE_SYS_STAT_H 1
| #define HAVE_STDLIB_H 1
| #define HAVE_STRING_H 1
| #define HAVE_MEMORY_H 1
| #define HAVE_STRINGS_H 1
| #define HAVE_INTTYPES_H 1
| #define HAVE_STDINT_H 1
| #define HAVE_UNISTD_H 1
| #define PROTOTYPES 1
| #define __PROTOTYPES 1
| #define RETSIGTYPE void
| #define HAVE_DIRENT_H 1
| #define HAVE_FCNTL 1
| #define HAVE_KILL 1
| #define HAVE_LSTAT 1
| #define HAVE_MEMMOVE 1
| #define HAVE_PUTENV 1
| #define HAVE_SELECT 1
| #define HAVE_SETENV 1
| #define HAVE_SETLOCALE 1
| #define HAVE_STRCASECMP 1
| #define HAVE_STRPBRK 1
| #define HAVE_TCGETATTR 1
| #define HAVE_VSNPRINTF 1
| #define HAVE_ISASCII 1
| #define HAVE_ISXDIGIT 1
| #define HAVE_GETPWNAM 1
| #define HAVE_GETPWENT 1
| #define HAVE_GETPWUID 1
| #define HAVE_STRCOLL 1
| #define HAVE_UNISTD_H 1
| #define HAVE_STDLIB_H 1
| #define HAVE_STDARG_H 1
| #define HAVE_STRING_H 1
| #define HAVE_STRINGS_H 1
| #define HAVE_LIMITS_H 1
| /* end confdefs.h.  */
| #include <stdio.h>
| #if HAVE_SYS_TYPES_H
| # include <sys/types.h>
| #endif
| #if HAVE_SYS_STAT_H
| # include <sys/stat.h>
| #endif
| #if STDC_HEADERS
| # include <stdlib.h>
| # include <stddef.h>
| #else
| # if HAVE_STDLIB_H
| #  include <stdlib.h>
| # endif
| #endif
| #if HAVE_STRING_H
| # if !STDC_HEADERS && HAVE_MEMORY_H
| #  include <memory.h>
| # endif
| # include <string.h>
| #endif
| #if HAVE_STRINGS_H
| # include <strings.h>
| #endif
| #if HAVE_INTTYPES_H
| # include <inttypes.h>
| #else
| # if HAVE_STDINT_H
| #  include <stdint.h>
| # endif
| #endif
| #if HAVE_UNISTD_H
| # include <unistd.h>
| #endif
| #include <sys/stream.h>
configure:4378: result: no
configure:4382: checking sys/stream.h presence
configure:4392: gcc -E  conftest.c
conftest.c:47:24: error: sys/stream.h: No such file or directory
configure:4398: $? = 1
configure: failed program was:
| /* confdefs.h.  */
| 
| #define PACKAGE_NAME "readline"
| #define PACKAGE_TARNAME "readline"
| #define PACKAGE_VERSION "4.3"
| #define PACKAGE_STRING "readline 4.3"
| #define PACKAGE_BUGREPORT "bug-readline@gnu.org"
| #define STDC_HEADERS 1
| #define HAVE_SYS_TYPES_H 1
| #define HAVE_SYS_STAT_H 1
| #define HAVE_STDLIB_H 1
| #define HAVE_STRING_H 1
| #define HAVE_MEMORY_H 1
| #define HAVE_STRINGS_H 1
| #define HAVE_INTTYPES_H 1
| #define HAVE_STDINT_H 1
| #define HAVE_UNISTD_H 1
| #define PROTOTYPES 1
| #define __PROTOTYPES 1
| #define RETSIGTYPE void
| #define HAVE_DIRENT_H 1
| #define HAVE_FCNTL 1
| #define HAVE_KILL 1
| #define HAVE_LSTAT 1
| #define HAVE_MEMMOVE 1
| #define HAVE_PUTENV 1
| #define HAVE_SELECT 1
| #define HAVE_SETENV 1
| #define HAVE_SETLOCALE 1
| #define HAVE_STRCASECMP 1
| #define HAVE_STRPBRK 1
| #define HAVE_TCGETATTR 1
| #define HAVE_VSNPRINTF 1
| #define HAVE_ISASCII 1
| #define HAVE_ISXDIGIT 1
| #define HAVE_GETPWNAM 1
| #define HAVE_GETPWENT 1
| #define HAVE_GETPWUID 1
| #define HAVE_STRCOLL 1
| #define HAVE_UNISTD_H 1
| #define HAVE_STDLIB_H 1
| #define HAVE_STDARG_H 1
| #define HAVE_STRING_H 1
| #define HAVE_STRINGS_H 1
| #define HAVE_LIMITS_H 1
| /* end confdefs.h.  */
| #include <sys/stream.h>
configure:4418: result: no
configure:4453: checking for sys/stream.h
configure:4460: result: no
configure:4337: checking sys/select.h usability
configure:4349: gcc -c -g -O2   conftest.c >&5
configure:4355: $? = 0
configure:4359: test -z 
			 || test ! -s conftest.err
configure:4362: $? = 0
configure:4365: test -s conftest.o
configure:4368: $? = 0
configure:4378: result: yes
configure:4382: checking sys/select.h presence
configure:4392: gcc -E  conftest.c
configure:4398: $? = 0
configure:4418: result: yes
configure:4453: checking for sys/select.h
configure:4460: result: yes
configure:4337: checking termcap.h usability
configure:4349: gcc -c -g -O2   conftest.c >&5
configure:4355: $? = 0
configure:4359: test -z 
			 || test ! -s conftest.err
configure:4362: $? = 0
configure:4365: test -s conftest.o
configure:4368: $? = 0
configure:4378: result: yes
configure:4382: checking termcap.h presence
configure:4392: gcc -E  conftest.c
configure:4398: $? = 0
configure:4418: result: yes
configure:4453: checking for termcap.h
configure:4460: result: yes
configure:4337: checking termios.h usability
configure:4349: gcc -c -g -O2   conftest.c >&5
configure:4355: $? = 0
configure:4359: test -z 
			 || test ! -s conftest.err
configure:4362: $? = 0
configure:4365: test -s conftest.o
configure:4368: $? = 0
configure:4378: result: yes
configure:4382: checking termios.h presence
configure:4392: gcc -E  conftest.c
configure:4398: $? = 0
configure:4418: result: yes
configure:4453: checking for termios.h
configure:4460: result: yes
configure:4337: checking termio.h usability
configure:4349: gcc -c -g -O2   conftest.c >&5
conftest.c:84:20: error: termio.h: No such file or directory
configure:4355: $? = 1
configure: failed program was:
| /* confdefs.h.  */
| 
| #define PACKAGE_NAME "readline"
| #define PACKAGE_TARNAME "readline"
| #define PACKAGE_VERSION "4.3"
| #define PACKAGE_STRING "readline 4.3"
| #define PACKAGE_BUGREPORT "bug-readline@gnu.org"
| #define STDC_HEADERS 1
| #define HAVE_SYS_TYPES_H 1
| #define HAVE_SYS_STAT_H 1
| #define HAVE_STDLIB_H 1
| #define HAVE_STRING_H 1
| #define HAVE_MEMORY_H 1
| #define HAVE_STRINGS_H 1
| #define HAVE_INTTYPES_H 1
| #define HAVE_STDINT_H 1
| #define HAVE_UNISTD_H 1
| #define PROTOTYPES 1
| #define __PROTOTYPES 1
| #define RETSIGTYPE void
| #define HAVE_DIRENT_H 1
| #define HAVE_FCNTL 1
| #define HAVE_KILL 1
| #define HAVE_LSTAT 1
| #define HAVE_MEMMOVE 1
| #define HAVE_PUTENV 1
| #define HAVE_SELECT 1
| #define HAVE_SETENV 1
| #define HAVE_SETLOCALE 1
| #define HAVE_STRCASECMP 1
| #define HAVE_STRPBRK 1
| #define HAVE_TCGETATTR 1
| #define HAVE_VSNPRINTF 1
| #define HAVE_ISASCII 1
| #define HAVE_ISXDIGIT 1
| #define HAVE_GETPWNAM 1
| #define HAVE_GETPWENT 1
| #define HAVE_GETPWUID 1
| #define HAVE_STRCOLL 1
| #define HAVE_UNISTD_H 1
| #define HAVE_STDLIB_H 1
| #define HAVE_STDARG_H 1
| #define HAVE_STRING_H 1
| #define HAVE_STRINGS_H 1
| #define HAVE_LIMITS_H 1
| #define HAVE_SYS_SELECT_H 1
| #define HAVE_TERMCAP_H 1
| #define HAVE_TERMIOS_H 1
| /* end confdefs.h.  */
| #include <stdio.h>
| #if HAVE_SYS_TYPES_H
| # include <sys/types.h>
| #endif
| #if HAVE_SYS_STAT_H
| # include <sys/stat.h>
| #endif
| #if STDC_HEADERS
| # include <stdlib.h>
| # include <stddef.h>
| #else
| # if HAVE_STDLIB_H
| #  include <stdlib.h>
| # endif
| #endif
| #if HAVE_STRING_H
| # if !STDC_HEADERS && HAVE_MEMORY_H
| #  include <memory.h>
| # endif
| # include <string.h>
| #endif
| #if HAVE_STRINGS_H
| # include <strings.h>
| #endif
| #if HAVE_INTTYPES_H
| # include <inttypes.h>
| #else
| # if HAVE_STDINT_H
| #  include <stdint.h>
| # endif
| #endif
| #if HAVE_UNISTD_H
| # include <unistd.h>
| #endif
| #include <termio.h>
configure:4378: result: no
configure:4382: checking termio.h presence
configure:4392: gcc -E  conftest.c
conftest.c:50:20: error: termio.h: No such file or directory
configure:4398: $? = 1
configure: failed program was:
| /* confdefs.h.  */
| 
| #define PACKAGE_NAME "readline"
| #define PACKAGE_TARNAME "readline"
| #define PACKAGE_VERSION "4.3"
| #define PACKAGE_STRING "readline 4.3"
| #define PACKAGE_BUGREPORT "bug-readline@gnu.org"
| #define STDC_HEADERS 1
| #define HAVE_SYS_TYPES_H 1
| #define HAVE_SYS_STAT_H 1
| #define HAVE_STDLIB_H 1
| #define HAVE_STRING_H 1
| #define HAVE_MEMORY_H 1
| #define HAVE_STRINGS_H 1
| #define HAVE_INTTYPES_H 1
| #define HAVE_STDINT_H 1
| #define HAVE_UNISTD_H 1
| #define PROTOTYPES 1
| #define __PROTOTYPES 1
| #define RETSIGTYPE void
| #define HAVE_DIRENT_H 1
| #define HAVE_FCNTL 1
| #define HAVE_KILL 1
| #define HAVE_LSTAT 1
| #define HAVE_MEMMOVE 1
| #define HAVE_PUTENV 1
| #define HAVE_SELECT 1
| #define HAVE_SETENV 1
| #define HAVE_SETLOCALE 1
| #define HAVE_STRCASECMP 1
| #define HAVE_STRPBRK 1
| #define HAVE_TCGETATTR 1
| #define HAVE_VSNPRINTF 1
| #define HAVE_ISASCII 1
| #define HAVE_ISXDIGIT 1
| #define HAVE_GETPWNAM 1
| #define HAVE_GETPWENT 1
| #define HAVE_GETPWUID 1
| #define HAVE_STRCOLL 1
| #define HAVE_UNISTD_H 1
| #define HAVE_STDLIB_H 1
| #define HAVE_STDARG_H 1
| #define HAVE_STRING_H 1
| #define HAVE_STRINGS_H 1
| #define HAVE_LIMITS_H 1
| #define HAVE_SYS_SELECT_H 1
| #define HAVE_TERMCAP_H 1
| #define HAVE_TERMIOS_H 1
| /* end confdefs.h.  */
| #include <termio.h>
configure:4418: result: no
configure:4453: checking for termio.h
configure:4460: result: no
configure:4337: checking sys/file.h usability
configure:4349: gcc -c -g -O2   conftest.c >&5
configure:4355: $? = 0
configure:4359: test -z 
			 || test ! -s conftest.err
configure:4362: $? = 0
configure:4365: test -s conftest.o
configure:4368: $? = 0
configure:4378: result: yes
configure:4382: checking sys/file.h presence
configure:4392: gcc -E  conftest.c
configure:4398: $? = 0
configure:4418: result: yes
configure:4453: checking for sys/file.h
configure:4460: result: yes
configure:4337: checking locale.h usability
configure:4349: gcc -c -g -O2   conftest.c >&5
configure:4355: $? = 0
configure:4359: test -z 
			 || test ! -s conftest.err
configure:4362: $? = 0
configure:4365: test -s conftest.o
configure:4368: $? = 0
configure:4378: result: yes
configure:4382: checking locale.h presence
configure:4392: gcc -E  conftest.c
configure:4398: $? = 0
configure:4418: result: yes
configure:4453: checking for locale.h
configure:4460: result: yes
configure:4328: checking for memory.h
configure:4333: result: yes
configure:4337: checking pwd.h usability
configure:4349: gcc -c -g -O2   conftest.c >&5
configure:4355: $? = 0
configure:4359: test -z 
			 || test ! -s conftest.err
configure:4362: $? = 0
configure:4365: test -s conftest.o
configure:4368: $? = 0
configure:4378: result: yes
configure:4382: checking pwd.h presence
configure:4392: gcc -E  conftest.c
configure:4398: $? = 0
configure:4418: result: yes
configure:4453: checking for pwd.h
configure:4460: result: yes
configure:4475: checking for type of signal functions
configure:4503: gcc -o conftest -g -O2    conftest.c  >&5
configure:4509: $? = 0
configure:4513: test -z 
			 || test ! -s conftest.err
configure:4516: $? = 0
configure:4519: test -s conftest
configure:4522: $? = 0
configure:4640: result: posix
configure:4661: checking if signal handlers must be reinstalled when invoked
configure:4724: gcc -o conftest -g -O2    conftest.c  >&5
conftest.c: In function 'main':
conftest.c:96: warning: incompatible implicit declaration of built-in function 'exit'
configure:4727: $? = 0
configure:4729: ./conftest
configure:4732: $? = 0
configure:4747: result: no
configure:4758: checking for presence of POSIX-style sigsetjmp/siglongjmp
configure:4815: gcc -o conftest -g -O2    conftest.c  >&5
conftest.c: In function 'main':
conftest.c:82: warning: incompatible implicit declaration of built-in function 'exit'
configure:4818: $? = 0
configure:4820: ./conftest
configure:4823: $? = 0
configure:4838: result: present
configure:4847: checking for lstat
configure:4871: gcc -o conftest -g -O2    conftest.c  >&5
configure:4877: $? = 0
configure:4881: test -z 
			 || test ! -s conftest.err
configure:4884: $? = 0
configure:4887: test -s conftest
configure:4890: $? = 0
configure:4902: result: yes
configure:4912: checking whether or not strcoll and strcmp differ
configure:4967: gcc -o conftest -g -O2    conftest.c  >&5
conftest.c: In function 'main':
conftest.c:90: warning: incompatible implicit declaration of built-in function 'exit'
configure:4970: $? = 0
configure:4972: ./conftest
configure:4975: $? = 1
configure: program exited with status 1
configure: failed program was:
| /* confdefs.h.  */
| 
| #define PACKAGE_NAME "readline"
| #define PACKAGE_TARNAME "readline"
| #define PACKAGE_VERSION "4.3"
| #define PACKAGE_STRING "readline 4.3"
| #define PACKAGE_BUGREPORT "bug-readline@gnu.org"
| #define STDC_HEADERS 1
| #define HAVE_SYS_TYPES_H 1
| #define HAVE_SYS_STAT_H 1
| #define HAVE_STDLIB_H 1
| #define HAVE_STRING_H 1
| #define HAVE_MEMORY_H 1
| #define HAVE_STRINGS_H 1
| #define HAVE_INTTYPES_H 1
| #define HAVE_STDINT_H 1
| #define HAVE_UNISTD_H 1
| #define PROTOTYPES 1
| #define __PROTOTYPES 1
| #define RETSIGTYPE void
| #define HAVE_DIRENT_H 1
| #define HAVE_FCNTL 1
| #define HAVE_KILL 1
| #define HAVE_LSTAT 1
| #define HAVE_MEMMOVE 1
| #define HAVE_PUTENV 1
| #define HAVE_SELECT 1
| #define HAVE_SETENV 1
| #define HAVE_SETLOCALE 1
| #define HAVE_STRCASECMP 1
| #define HAVE_STRPBRK 1
| #define HAVE_TCGETATTR 1
| #define HAVE_VSNPRINTF 1
| #define HAVE_ISASCII 1
| #define HAVE_ISXDIGIT 1
| #define HAVE_GETPWNAM 1
| #define HAVE_GETPWENT 1
| #define HAVE_GETPWUID 1
| #define HAVE_STRCOLL 1
| #define HAVE_UNISTD_H 1
| #define HAVE_STDLIB_H 1
| #define HAVE_STDARG_H 1
| #define HAVE_STRING_H 1
| #define HAVE_STRINGS_H 1
| #define HAVE_LIMITS_H 1
| #define HAVE_SYS_SELECT_H 1
| #define HAVE_TERMCAP_H 1
| #define HAVE_TERMIOS_H 1
| #define HAVE_SYS_FILE_H 1
| #define HAVE_LOCALE_H 1
| #define HAVE_MEMORY_H 1
| #define HAVE_PWD_H 1
| #define HAVE_POSIX_SIGNALS 1
| #define HAVE_POSIX_SIGSETJMP 1
| #define HAVE_LSTAT 1
| /* end confdefs.h.  */
| 
| #include <stdio.h>
| #if defined (HAVE_LOCALE_H)
| #include <locale.h>
| #endif
| 
| main(c, v)
| int     c;
| char    *v[];
| {
|         int     r1, r2;
|         char    *deflocale, *defcoll;
| 
| #ifdef HAVE_SETLOCALE
|         deflocale = setlocale(LC_ALL, "");
| 	defcoll = setlocale(LC_COLLATE, "");
| #endif
| 
| #ifdef HAVE_STRCOLL
| 	/* These two values are taken from tests/glob-test. */
|         r1 = strcoll("abd", "aXd");
| #else
| 	r1 = 0;
| #endif
|         r2 = strcmp("abd", "aXd");
| 
| 	/* These two should both be greater than 0.  It is permissible for
| 	   a system to return different values, as long as the sign is the
| 	   same. */
| 
|         /* Exit with 1 (failure) if these two values are both > 0, since
| 	   this tests whether strcoll(3) is broken with respect to strcmp(3)
| 	   in the default locale. */
| 	exit (r1 > 0 && r2 > 0);
| }
| 
configure:4990: result: no
configure:5000: checking whether getpw functions are declared in pwd.h
configure:5029: result: yes
configure:5039: checking whether termios.h defines TIOCGWINSZ
configure:5066: result: yes
configure:5110: checking whether signal handlers are of type void
configure:5139: gcc -c -g -O2   conftest.c >&5
configure:5145: $? = 0
configure:5149: test -z 
			 || test ! -s conftest.err
configure:5152: $? = 0
configure:5155: test -s conftest.o
configure:5158: $? = 0
configure:5169: result: yes
configure:5178: checking for TIOCSTAT in sys/ioctl.h
configure:5200: gcc -c -g -O2   conftest.c >&5
configure:5206: $? = 0
configure:5210: test -z 
			 || test ! -s conftest.err
configure:5213: $? = 0
configure:5216: test -s conftest.o
configure:5219: $? = 0
configure:5231: result: yes
configure:5240: checking for FIONREAD in sys/ioctl.h
configure:5262: gcc -c -g -O2   conftest.c >&5
configure:5268: $? = 0
configure:5272: test -z 
			 || test ! -s conftest.err
configure:5275: $? = 0
configure:5278: test -s conftest.o
configure:5281: $? = 0
configure:5293: result: yes
configure:5302: checking for speed_t in sys/types.h
configure:5323: gcc -c -g -O2   conftest.c >&5
conftest.c: In function 'main':
conftest.c:65: error: 'speed_t' undeclared (first use in this function)
conftest.c:65: error: (Each undeclared identifier is reported only once
conftest.c:65: error: for each function it appears in.)
conftest.c:65: error: expected ';' before 'x'
configure:5329: $? = 1
configure: failed program was:
| /* confdefs.h.  */
| 
| #define PACKAGE_NAME "readline"
| #define PACKAGE_TARNAME "readline"
| #define PACKAGE_VERSION "4.3"
| #define PACKAGE_STRING "readline 4.3"
| #define PACKAGE_BUGREPORT "bug-readline@gnu.org"
| #define STDC_HEADERS 1
| #define HAVE_SYS_TYPES_H 1
| #define HAVE_SYS_STAT_H 1
| #define HAVE_STDLIB_H 1
| #define HAVE_STRING_H 1
| #define HAVE_MEMORY_H 1
| #define HAVE_STRINGS_H 1
| #define HAVE_INTTYPES_H 1
| #define HAVE_STDINT_H 1
| #define HAVE_UNISTD_H 1
| #define PROTOTYPES 1
| #define __PROTOTYPES 1
| #define RETSIGTYPE void
| #define HAVE_DIRENT_H 1
| #define HAVE_FCNTL 1
| #define HAVE_KILL 1
| #define HAVE_LSTAT 1
| #define HAVE_MEMMOVE 1
| #define HAVE_PUTENV 1
| #define HAVE_SELECT 1
| #define HAVE_SETENV 1
| #define HAVE_SETLOCALE 1
| #define HAVE_STRCASECMP 1
| #define HAVE_STRPBRK 1
| #define HAVE_TCGETATTR 1
| #define HAVE_VSNPRINTF 1
| #define HAVE_ISASCII 1
| #define HAVE_ISXDIGIT 1
| #define HAVE_GETPWNAM 1
| #define HAVE_GETPWENT 1
| #define HAVE_GETPWUID 1
| #define HAVE_STRCOLL 1
| #define HAVE_UNISTD_H 1
| #define HAVE_STDLIB_H 1
| #define HAVE_STDARG_H 1
| #define HAVE_STRING_H 1
| #define HAVE_STRINGS_H 1
| #define HAVE_LIMITS_H 1
| #define HAVE_SYS_SELECT_H 1
| #define HAVE_TERMCAP_H 1
| #define HAVE_TERMIOS_H 1
| #define HAVE_SYS_FILE_H 1
| #define HAVE_LOCALE_H 1
| #define HAVE_MEMORY_H 1
| #define HAVE_PWD_H 1
| #define HAVE_POSIX_SIGNALS 1
| #define HAVE_POSIX_SIGSETJMP 1
| #define HAVE_LSTAT 1
| #define HAVE_GETPW_DECLS 1
| #define VOID_SIGHANDLER 1
| #define TIOCSTAT_IN_SYS_IOCTL 1
| #define FIONREAD_IN_SYS_IOCTL 1
| /* end confdefs.h.  */
| #include <sys/types.h>
| int
| main ()
| {
| speed_t x;
|   ;
|   return 0;
| }
configure:5354: result: no
configure:5363: checking for struct winsize in sys/ioctl.h and termios.h
configure:5385: gcc -c -g -O2   conftest.c >&5
configure:5391: $? = 0
configure:5395: test -z 
			 || test ! -s conftest.err
configure:5398: $? = 0
configure:5401: test -s conftest.o
configure:5404: $? = 0
configure:5463: result: sys/ioctl.h
configure:5482: checking if struct dirent has a d_ino member
configure:5525: gcc -c -g -O2   conftest.c >&5
configure:5531: $? = 0
configure:5535: test -z 
			 || test ! -s conftest.err
configure:5538: $? = 0
configure:5541: test -s conftest.o
configure:5544: $? = 0
configure:5556: result: yes
configure:5566: checking if struct dirent has a d_fileno member
configure:5609: gcc -c -g -O2   conftest.c >&5
configure:5615: $? = 0
configure:5619: test -z 
			 || test ! -s conftest.err
configure:5622: $? = 0
configure:5625: test -s conftest.o
configure:5628: $? = 0
configure:5640: result: yes
configure:5664: checking for tgetent in -ltermcap
configure:5694: gcc -o conftest -g -O2    conftest.c -ltermcap   >&5
configure:5700: $? = 0
configure:5704: test -z 
			 || test ! -s conftest.err
configure:5707: $? = 0
configure:5710: test -s conftest
configure:5713: $? = 0
configure:5726: result: yes
configure:5944: checking which library has the termcap functions
configure:5947: result: using libtermcap
configure:5990: checking wctype.h usability
configure:6002: gcc -c -g -O2   conftest.c >&5
configure:6008: $? = 0
configure:6012: test -z 
			 || test ! -s conftest.err
configure:6015: $? = 0
configure:6018: test -s conftest.o
configure:6021: $? = 0
configure:6031: result: yes
configure:6035: checking wctype.h presence
configure:6045: gcc -E  conftest.c
configure:6051: $? = 0
configure:6071: result: yes
configure:6106: checking for wctype.h
configure:6113: result: yes
configure:6140: checking wchar.h usability
configure:6152: gcc -c -g -O2   conftest.c >&5
configure:6158: $? = 0
configure:6162: test -z 
			 || test ! -s conftest.err
configure:6165: $? = 0
configure:6168: test -s conftest.o
configure:6171: $? = 0
configure:6181: result: yes
configure:6185: checking wchar.h presence
configure:6195: gcc -E  conftest.c
configure:6201: $? = 0
configure:6221: result: yes
configure:6256: checking for wchar.h
configure:6263: result: yes
configure:6290: checking langinfo.h usability
configure:6302: gcc -c -g -O2   conftest.c >&5
configure:6308: $? = 0
configure:6312: test -z 
			 || test ! -s conftest.err
configure:6315: $? = 0
configure:6318: test -s conftest.o
configure:6321: $? = 0
configure:6331: result: yes
configure:6335: checking langinfo.h presence
configure:6345: gcc -E  conftest.c
configure:6351: $? = 0
configure:6371: result: yes
configure:6406: checking for langinfo.h
configure:6413: result: yes
configure:6427: checking for mbrtowc
configure:6484: gcc -o conftest -g -O2    conftest.c  >&5
configure:6490: $? = 0
configure:6494: test -z 
			 || test ! -s conftest.err
configure:6497: $? = 0
configure:6500: test -s conftest
configure:6503: $? = 0
configure:6515: result: yes
configure:6524: checking for mbsrtowcs
configure:6581: gcc -o conftest -g -O2    conftest.c  >&5
configure:6587: $? = 0
configure:6591: test -z 
			 || test ! -s conftest.err
configure:6594: $? = 0
configure:6597: test -s conftest
configure:6600: $? = 0
configure:6612: result: yes
configure:6621: checking for wcwidth
configure:6678: gcc -o conftest -g -O2    conftest.c  >&5
configure:6684: $? = 0
configure:6688: test -z 
			 || test ! -s conftest.err
configure:6691: $? = 0
configure:6694: test -s conftest
configure:6697: $? = 0
configure:6709: result: yes
configure:6725: checking for mbstate_t
configure:6751: gcc -o conftest -g -O2    conftest.c  >&5
conftest.c: In function 'main':
conftest.c:76: error: nested functions are disabled, use -fnested-functions to re-enable
configure:6757: $? = 1
configure: failed program was:
| /* confdefs.h.  */
| 
| #define PACKAGE_NAME "readline"
| #define PACKAGE_TARNAME "readline"
| #define PACKAGE_VERSION "4.3"
| #define PACKAGE_STRING "readline 4.3"
| #define PACKAGE_BUGREPORT "bug-readline@gnu.org"
| #define STDC_HEADERS 1
| #define HAVE_SYS_TYPES_H 1
| #define HAVE_SYS_STAT_H 1
| #define HAVE_STDLIB_H 1
| #define HAVE_STRING_H 1
| #define HAVE_MEMORY_H 1
| #define HAVE_STRINGS_H 1
| #define HAVE_INTTYPES_H 1
| #define HAVE_STDINT_H 1
| #define HAVE_UNISTD_H 1
| #define PROTOTYPES 1
| #define __PROTOTYPES 1
| #define RETSIGTYPE void
| #define HAVE_DIRENT_H 1
| #define HAVE_FCNTL 1
| #define HAVE_KILL 1
| #define HAVE_LSTAT 1
| #define HAVE_MEMMOVE 1
| #define HAVE_PUTENV 1
| #define HAVE_SELECT 1
| #define HAVE_SETENV 1
| #define HAVE_SETLOCALE 1
| #define HAVE_STRCASECMP 1
| #define HAVE_STRPBRK 1
| #define HAVE_TCGETATTR 1
| #define HAVE_VSNPRINTF 1
| #define HAVE_ISASCII 1
| #define HAVE_ISXDIGIT 1
| #define HAVE_GETPWNAM 1
| #define HAVE_GETPWENT 1
| #define HAVE_GETPWUID 1
| #define HAVE_STRCOLL 1
| #define HAVE_UNISTD_H 1
| #define HAVE_STDLIB_H 1
| #define HAVE_STDARG_H 1
| #define HAVE_STRING_H 1
| #define HAVE_STRINGS_H 1
| #define HAVE_LIMITS_H 1
| #define HAVE_SYS_SELECT_H 1
| #define HAVE_TERMCAP_H 1
| #define HAVE_TERMIOS_H 1
| #define HAVE_SYS_FILE_H 1
| #define HAVE_LOCALE_H 1
| #define HAVE_MEMORY_H 1
| #define HAVE_PWD_H 1
| #define HAVE_POSIX_SIGNALS 1
| #define HAVE_POSIX_SIGSETJMP 1
| #define HAVE_LSTAT 1
| #define HAVE_GETPW_DECLS 1
| #define VOID_SIGHANDLER 1
| #define TIOCSTAT_IN_SYS_IOCTL 1
| #define FIONREAD_IN_SYS_IOCTL 1
| #define STRUCT_WINSIZE_IN_SYS_IOCTL 1
| #define STRUCT_DIRENT_HAS_D_INO 1
| #define STRUCT_DIRENT_HAS_D_FILENO 1
| #define HAVE_WCTYPE_H 1
| #define HAVE_WCHAR_H 1
| #define HAVE_LANGINFO_H 1
| #define HAVE_MBRTOWC 1
| #define HAVE_MBSRTOWCS 1
| #define HAVE_WCWIDTH 1
| /* end confdefs.h.  */
| #include <wchar.h>
| int
| main ()
| {
| int
| main ()
| {
|   mbstate_t ps;
|   return 0;
| }
|   ;
|   return 0;
| }
configure:6782: result: no
configure:6791: checking for nl_langinfo and CODESET
configure:6812: gcc -o conftest -g -O2    conftest.c  >&5
configure:6818: $? = 0
configure:6822: test -z 
			 || test ! -s conftest.err
configure:6825: $? = 0
configure:6828: test -s conftest
configure:6831: $? = 0
configure:6843: result: yes
configure:6869: checking configuration for building shared libraries
configure:6884: result: supported
configure:7034: creating ./config.status

## ---------------------- ##
## Running config.status. ##
## ---------------------- ##

This file was extended by readline config.status 4.3, which was
generated by GNU Autoconf 2.59.  Invocation command line was

  CONFIG_FILES    = 
  CONFIG_HEADERS  = 
  CONFIG_LINKS    = 
  CONFIG_COMMANDS = 
  $ ./config.status 

on routerroaches

config.status:699: creating Makefile
config.status:699: creating doc/Makefile
config.status:699: creating examples/Makefile
config.status:699: creating shlib/Makefile
config.status:796: creating config.h
config.status:1178: executing default commands

## ---------------- ##
## Cache variables. ##
## ---------------- ##

ac_cv_build=i686-apple-darwin11.2.0
ac_cv_build_alias=i686-apple-darwin11.2.0
ac_cv_c_char_unsigned=no
ac_cv_c_compiler_gnu=yes
ac_cv_c_const=yes
ac_cv_env_CC_set=set
ac_cv_env_CC_value=gcc
ac_cv_env_CFLAGS_set=set
ac_cv_env_CFLAGS_value='-g -O2 '
ac_cv_env_CPPFLAGS_set=
ac_cv_env_CPPFLAGS_value=
ac_cv_env_CPP_set=
ac_cv_env_CPP_value=
ac_cv_env_LDFLAGS_set=set
ac_cv_env_LDFLAGS_value=
ac_cv_env_build_alias_set=set
ac_cv_env_build_alias_value=i686-apple-darwin11.2.0
ac_cv_env_host_alias_set=set
ac_cv_env_host_alias_value=i686-apple-darwin11.2.0
ac_cv_env_target_alias_set=set
ac_cv_env_target_alias_value=armv5e-elf
ac_cv_exeext=
ac_cv_func_fcntl=yes
ac_cv_func_getpwent=yes
ac_cv_func_getpwnam=yes
ac_cv_func_getpwuid=yes
ac_cv_func_isascii=yes
ac_cv_func_isxdigit=yes
ac_cv_func_kill=yes
ac_cv_func_lstat=yes
ac_cv_func_mbrtowc=yes
ac_cv_func_mbsrtowcs=yes
ac_cv_func_memmove=yes
ac_cv_func_putenv=yes
ac_cv_func_select=yes
ac_cv_func_setenv=yes
ac_cv_func_setlocale=yes
ac_cv_func_strcasecmp=yes
ac_cv_func_strcoll_works=yes
ac_cv_func_strpbrk=yes
ac_cv_func_tcgetattr=yes
ac_cv_func_vsnprintf=yes
ac_cv_func_wcwidth=yes
ac_cv_header_dirent_dirent_h=yes
ac_cv_header_inttypes_h=yes
ac_cv_header_langinfo_h=yes
ac_cv_header_limits_h=yes
ac_cv_header_locale_h=yes
ac_cv_header_memory_h=yes
ac_cv_header_minix_config_h=no
ac_cv_header_pwd_h=yes
ac_cv_header_stat_broken=no
ac_cv_header_stdarg_h=yes
ac_cv_header_stdc=yes
ac_cv_header_stdint_h=yes
ac_cv_header_stdlib_h=yes
ac_cv_header_string_h=yes
ac_cv_header_strings_h=yes
ac_cv_header_sys_file_h=yes
ac_cv_header_sys_pte_h=no
ac_cv_header_sys_ptem_h=no
ac_cv_header_sys_select_h=yes
ac_cv_header_sys_stat_h=yes
ac_cv_header_sys_stream_h=no
ac_cv_header_sys_types_h=yes
ac_cv_header_termcap_h=yes
ac_cv_header_termio_h=no
ac_cv_header_termios_h=yes
ac_cv_header_unistd_h=yes
ac_cv_header_varargs_h=no
ac_cv_header_wchar_h=yes
ac_cv_header_wctype_h=yes
ac_cv_host=i686-apple-darwin11.2.0
ac_cv_host_alias=i686-apple-darwin11.2.0
ac_cv_lib_termcap_tgetent=yes
ac_cv_objext=o
ac_cv_prog_AR=ar
ac_cv_prog_CC=gcc
ac_cv_prog_CPP='gcc -E'
ac_cv_prog_RANLIB=ranlib
ac_cv_prog_cc_g=yes
ac_cv_prog_cc_stdc=
ac_cv_prog_egrep='grep -E'
ac_cv_prog_gcc_traditional=no
ac_cv_prog_make_make_set=yes
ac_cv_search_opendir='none required'
ac_cv_sys_tiocgwinsz_in_termios_h=yes
ac_cv_type_signal=void
ac_cv_type_size_t=yes
ac_cv_type_ssize_t=yes
bash_cv_dirent_has_d_fileno=yes
bash_cv_dirent_has_dino=yes
bash_cv_fionread_in_ioctl=yes
bash_cv_func_lstat=yes
bash_cv_func_sigsetjmp=present
bash_cv_func_strcoll_broken=no
bash_cv_getpw_declared=yes
bash_cv_have_mbstate_t=no
bash_cv_langinfo_codeset=yes
bash_cv_must_reinstall_sighandlers=no
bash_cv_signal_vintage=posix
bash_cv_speed_t_in_sys_types=no
bash_cv_struct_winsize_header=ioctl_h
bash_cv_termcap_lib=libtermcap
bash_cv_tiocstat_in_ioctl=yes
bash_cv_void_sighandler=yes

## ----------------- ##
## Output variables. ##
## ----------------- ##

AR='ar'
ARFLAGS='cr'
BUILD_DIR='/Users/rafael/mc404/arm/gdb/readline'
CC='gcc'
CC_FOR_BUILD='gcc'
CFLAGS='-g -O2 '
CPP='gcc -E'
CPPFLAGS=''
CROSS_COMPILING_FLAG=''
DEFS='-DHAVE_CONFIG_H'
ECHO_C='ECHO_N=''
ECHO_T=''
EGREP='grep -E'
EXEEXT=''
INSTALL_DATA='/opt/local/bin/ginstall -c -m 644'
INSTALL_PROGRAM='/opt/local/bin/ginstall -c'
INSTALL_SCRIPT='/opt/local/bin/ginstall -c'
LDFLAGS=''
LIBOBJS=''
LIBS=''
LIBVERSION='4.3'
LOCAL_CFLAGS=''
LOCAL_DEFS=''
LOCAL_LDFLAGS=''
LTLIBOBJS=''
MAKE_SHELL='/bin/sh'
OBJEXT='o'
PACKAGE_BUGREPORT='bug-readline@gnu.org'
PACKAGE_NAME='readline'
PACKAGE_STRING='readline 4.3'
PACKAGE_TARNAME='readline'
PACKAGE_VERSION='4.3'
PATH_SEPARATOR=':'
RANLIB='ranlib'
SET_MAKE=''
SHARED_INSTALL_TARGET=''
SHARED_TARGET=''
SHELL='/bin/sh'
SHLIB_LIBS='-lSystem'
SHLIB_LIBSUFF='dylib'
SHLIB_LIBVERSION='$(SHLIB_MAJOR)$(SHLIB_MINOR).$(SHLIB_LIBSUFF)'
SHLIB_MAJOR='4'
SHLIB_MINOR='3'
SHLIB_STATUS='supported'
SHLIB_XLDFLAGS='-arch_only `/usr/bin/arch` -install_name $(libdir)/$@ -current_version $(SHLIB_MAJOR)$(SHLIB_MINOR) -compatibility_version $(SHLIB_MAJOR) -v'
SHOBJ_CC='gcc'
SHOBJ_CFLAGS='-dynamic -fno-common'
SHOBJ_LD='/usr/bin/libtool'
SHOBJ_LDFLAGS='-dynamic'
SHOBJ_LIBS=''
SHOBJ_STATUS='unsupported'
SHOBJ_XLDFLAGS=''
STATIC_INSTALL_TARGET='install-static'
STATIC_TARGET='static'
TERMCAP_LIB='-ltermcap'
WCWIDTH_OBJ=''
ac_ct_CC=''
ac_ct_RANLIB=''
bindir='${exec_prefix}/bin'
build='i686-apple-darwin11.2.0'
build_alias='i686-apple-darwin11.2.0'
build_cpu='i686'
build_os='darwin11.2.0'
build_vendor='apple'
datadir='${prefix}/share'
exec_prefix='${prefix}'
host='i686-apple-darwin11.2.0'
host_alias='i686-apple-darwin11.2.0'
host_cpu='i686'
host_os='darwin11.2.0'
host_vendor='apple'
includedir='${prefix}/include'
infodir='${prefix}/info'
libdir='${exec_prefix}/lib'
libexecdir='${exec_prefix}/libexec'
localstatedir='${prefix}/var'
mandir='${prefix}/man'
oldincludedir='/usr/include'
prefix='/Users/rafael/mc404/install'
program_transform_name='s,^,armv5e-elf-,; '
sbindir='${exec_prefix}/sbin'
sharedstatedir='${prefix}/com'
sysconfdir='${prefix}/etc'
target_alias='armv5e-elf'

## ----------- ##
## confdefs.h. ##
## ----------- ##

#define FIONREAD_IN_SYS_IOCTL 1
#define HAVE_DIRENT_H 1
#define HAVE_FCNTL 1
#define HAVE_GETPWENT 1
#define HAVE_GETPWNAM 1
#define HAVE_GETPWUID 1
#define HAVE_GETPW_DECLS 1
#define HAVE_INTTYPES_H 1
#define HAVE_ISASCII 1
#define HAVE_ISXDIGIT 1
#define HAVE_KILL 1
#define HAVE_LANGINFO_CODESET 1
#define HAVE_LANGINFO_H 1
#define HAVE_LIMITS_H 1
#define HAVE_LOCALE_H 1
#define HAVE_LSTAT 1
#define HAVE_LSTAT 1
#define HAVE_MBRTOWC 1
#define HAVE_MBSRTOWCS 1
#define HAVE_MEMMOVE 1
#define HAVE_MEMORY_H 1
#define HAVE_MEMORY_H 1
#define HAVE_POSIX_SIGNALS 1
#define HAVE_POSIX_SIGSETJMP 1
#define HAVE_PUTENV 1
#define HAVE_PWD_H 1
#define HAVE_SELECT 1
#define HAVE_SETENV 1
#define HAVE_SETLOCALE 1
#define HAVE_STDARG_H 1
#define HAVE_STDINT_H 1
#define HAVE_STDLIB_H 1
#define HAVE_STDLIB_H 1
#define HAVE_STRCASECMP 1
#define HAVE_STRCOLL 1
#define HAVE_STRINGS_H 1
#define HAVE_STRINGS_H 1
#define HAVE_STRING_H 1
#define HAVE_STRING_H 1
#define HAVE_STRPBRK 1
#define HAVE_SYS_FILE_H 1
#define HAVE_SYS_SELECT_H 1
#define HAVE_SYS_STAT_H 1
#define HAVE_SYS_TYPES_H 1
#define HAVE_TCGETATTR 1
#define HAVE_TERMCAP_H 1
#define HAVE_TERMIOS_H 1
#define HAVE_UNISTD_H 1
#define HAVE_UNISTD_H 1
#define HAVE_VSNPRINTF 1
#define HAVE_WCHAR_H 1
#define HAVE_WCTYPE_H 1
#define HAVE_WCWIDTH 1
#define PACKAGE_BUGREPORT "bug-readline@gnu.org"
#define PACKAGE_NAME "readline"
#define PACKAGE_STRING "readline 4.3"
#define PACKAGE_TARNAME "readline"
#define PACKAGE_VERSION "4.3"
#define PROTOTYPES 1
#define RETSIGTYPE void
#define STDC_HEADERS 1
#define STRUCT_DIRENT_HAS_D_FILENO 1
#define STRUCT_DIRENT_HAS_D_INO 1
#define STRUCT_WINSIZE_IN_SYS_IOCTL 1
#define TIOCSTAT_IN_SYS_IOCTL 1
#define VOID_SIGHANDLER 1
#define __PROTOTYPES 1

configure: exit 0
